#
# A fatal error has been detected by the Java Runtime Environment:
#
#  EXCEPTION_ACCESS_VIOLATION (0xc0000005) at pc=0x00007fff032e1700, pid=6940, tid=11656
#
# JRE version: Java(TM) SE Runtime Environment (12.0.1+12) (build 12.0.1+12)
# Java VM: Java HotSpot(TM) 64-Bit Server VM (12.0.1+12, mixed mode, sharing, tiered, compressed oops, g1 gc, windows-amd64)
# Problematic frame:
# V  [jvm.dll+0x8a1700]
#
# No core dump will be written. Minidumps are not enabled by default on client versions of Windows
#
# If you would like to submit a bug report, please visit:
#   http://bugreport.java.com/bugreport/crash.jsp
#

---------------  S U M M A R Y ------------

Command Line: -Dclassworlds.conf=C:\Program Files\NetBeans-12.3\netbeans\java\maven\bin\..\bin\m2.conf -Dmaven.home=C:\Program Files\NetBeans-12.3\netbeans\java\maven\bin\.. -Dlibrary.jansi.path=C:\Program Files\NetBeans-12.3\netbeans\java\maven\bin\..\lib\jansi-native -Dmaven.multiModuleProjectDirectory=G:\INFORMATYKA\MAGISTERSKIE\SEMESTR_2\PROGRAMOWANIE\ZALICZENIE\GuitarShop org.codehaus.plexus.classworlds.launcher.Launcher -Dnetbeans.deploy=true -Dmaven.ext.class.path=C:\Program Files\NetBeans-12.3\netbeans\java\maven-nblib\netbeans-eventspy.jar -Dfile.encoding=UTF-8 package

Host: Intel(R) Core(TM) i5-3330 CPU @ 3.00GHz, 4 cores, 7G,  Windows 10 , 64 bit Build 19041 (10.0.19041.928)
Time: Fri May 14 20:38:06 2021 Œrodkowoeuropejski czas letni elapsed time: 2 seconds (0d 0h 0m 2s)

---------------  T H R E A D  ---------------

Current thread (0x000002212e146800):  GCTaskThread "GC Thread#2" [stack: 0x000000320f600000,0x000000320f700000] [id=11656]

Stack: [0x000000320f600000,0x000000320f700000],  sp=0x000000320f6ff338,  free space=1020k
Native frames: (J=compiled Java code, j=interpreted, Vv=VM code, C=native code)
V  [jvm.dll+0x8a1700]


siginfo: EXCEPTION_ACCESS_VIOLATION (0xc0000005), data execution prevention violation at address 0x00007fff032e1700


Register to memory mapping:

RIP=0x00007fff032e1700 jvm.dll
RAX=0x0000000000000221 is an unknown value
RBX=0x00000000851da601 points into unknown readable memory: 00 00 00 00 00 00 00
RCX=0x000002212eda9de0 points into unknown readable memory: 40 a1 2d 03 ff 7f 00 00
RDX=0x0000000087e3a808 points into unknown readable memory: 0b a8 e3 87 00 00 00 00
RSP=0x000000320f6ff338 points into unknown readable memory: 31 00 d6 02 ff 7f 00 00
RBP=0x0000000087e3a808 points into unknown readable memory: 0b a8 e3 87 00 00 00 00
RSI=0x0 is NULL
RDI=0x0000000000000001 is an unknown value
R8 =0x000000080036f718 is pointing into metadata
R9 =0x00007fff03450558 jvm.dll
R10=0x0 is NULL
R11=0x000002212ebd7df0 points into unknown readable memory: c0 81 c0 2e 21 02 00 00
R12=0x0000000000000005 is an unknown value
R13=0x0000000003cc0fe2 is an unknown value
R14=0x0000000087e3a808 points into unknown readable memory: 0b a8 e3 87 00 00 00 00
R15=0x000002212eda9c70 points into unknown readable memory: 88 a1 2d 03 ff 7f 00 00


Registers:
RAX=0x0000000000000221, RBX=0x00000000851da601, RCX=0x000002212eda9de0, RDX=0x0000000087e3a808
RSP=0x000000320f6ff338, RBP=0x0000000087e3a808, RSI=0x0000000000000000, RDI=0x0000000000000001
R8 =0x000000080036f718, R9 =0x00007fff03450558, R10=0x0000000000000000, R11=0x000002212ebd7df0
R12=0x0000000000000005, R13=0x0000000003cc0fe2, R14=0x0000000087e3a808, R15=0x000002212eda9c70
RIP=0x00007fff032e1700, EFLAGS=0x0000000000010206

Top of Stack: (sp=0x000000320f6ff338)
0x000000320f6ff338:   00007fff02d60031 00000000851da601
0x000000320f6ff348:   0000000087e3a808 0000000000000000
0x000000320f6ff358:   00007fff02d5e649 0000000000000005
0x000000320f6ff368:   0000000087e3a808 0000000000000005
0x000000320f6ff378:   0000000000000000 000002212eda9c70
0x000000320f6ff388:   00007fff02d5fa03 0000000000000000
0x000000320f6ff398:   00000000851da601 000002212eda9c70
0x000000320f6ff3a8:   0000000087e3a808 0000000000002df0
0x000000320f6ff3b8:   00000000852d2dc1 0000000b0f6ff402
0x000000320f6ff3c8:   0000000003cc0fe2 000002212e6f1f20
0x000000320f6ff3d8:   00007fff02d3477b 000002212eda9c70
0x000000320f6ff3e8:   0000000000000040 000002210e734d38
0x000000320f6ff3f8:   00000000000003d8 0000000000000000
0x000000320f6ff408:   000002210e734d30 0000000000000020
0x000000320f6ff418:   00007fff02d3c081 000002212eda9c00
0x000000320f6ff428:   00000000851d9800 0000000000000000 

Instructions: (pc=0x00007fff032e1700)
0x00007fff032e16e0:   53 69 7a 65 20 6f 66 20 6d 65 74 68 6f 64 20 61
0x00007fff032e16f0:   6e 6e 6f 74 61 74 69 6f 6e 73 00 00 00 00 00 00
0x00007fff032e1700:   53 69 7a 65 20 6f 66 20 6d 65 74 68 6f 64 20 70
0x00007fff032e1710:   61 72 61 6d 65 74 65 72 20 61 6e 6e 6f 74 61 74 


Stack slot to memory mapping:
stack at sp + 0 slots: 0x00007fff02d60031 jvm.dll
stack at sp + 1 slots: 0x00000000851da601 points into unknown readable memory: 00 00 00 00 00 00 00
stack at sp + 2 slots: 0x0000000087e3a808 points into unknown readable memory: 0b a8 e3 87 00 00 00 00
stack at sp + 3 slots: 0x0 is NULL
stack at sp + 4 slots: 0x00007fff02d5e649 jvm.dll
stack at sp + 5 slots: 0x0000000000000005 is an unknown value
stack at sp + 6 slots: 0x0000000087e3a808 points into unknown readable memory: 0b a8 e3 87 00 00 00 00
stack at sp + 7 slots: 0x0000000000000005 is an unknown value


---------------  P R O C E S S  ---------------

Threads class SMR info:
_java_thread_list=0x000002212e7c7360, length=11, elements={
0x000002210e71c000, 0x000002212cbac800, 0x000002212cbad800, 0x000002212cbc8800,
0x000002212cbca800, 0x000002212cbcc000, 0x000002212cbde800, 0x000002212d55c800,
0x000002212d635800, 0x000002212d642000, 0x000002212e634000
}

Java Threads: ( => current thread )
  0x000002210e71c000 JavaThread "main" [_thread_blocked, id=11836, stack(0x000000320e400000,0x000000320e500000)]
  0x000002212cbac800 JavaThread "Reference Handler" daemon [_thread_blocked, id=12840, stack(0x000000320eb00000,0x000000320ec00000)]
  0x000002212cbad800 JavaThread "Finalizer" daemon [_thread_blocked, id=4104, stack(0x000000320ec00000,0x000000320ed00000)]
  0x000002212cbc8800 JavaThread "Signal Dispatcher" daemon [_thread_blocked, id=10048, stack(0x000000320ed00000,0x000000320ee00000)]
  0x000002212cbca800 JavaThread "Attach Listener" daemon [_thread_blocked, id=3420, stack(0x000000320ee00000,0x000000320ef00000)]
  0x000002212cbcc000 JavaThread "C2 CompilerThread0" daemon [_thread_in_native, id=2508, stack(0x000000320ef00000,0x000000320f000000)]
  0x000002212cbde800 JavaThread "C1 CompilerThread0" daemon [_thread_blocked, id=3728, stack(0x000000320f000000,0x000000320f100000)]
  0x000002212d55c800 JavaThread "Sweeper thread" daemon [_thread_blocked, id=13960, stack(0x000000320f100000,0x000000320f200000)]
  0x000002212d635800 JavaThread "Service Thread" daemon [_thread_blocked, id=8568, stack(0x000000320f200000,0x000000320f300000)]
  0x000002212d642000 JavaThread "Common-Cleaner" daemon [_thread_blocked, id=5268, stack(0x000000320f400000,0x000000320f500000)]
  0x000002212e634000 JavaThread "C2 CompilerThread1" daemon [_thread_blocked, id=14232, stack(0x000000320f700000,0x000000320f800000)]

Other Threads:
  0x000002212cba6800 VMThread "VM Thread" [stack: 0x000000320ea00000,0x000000320eb00000] [id=252]
  0x000002212d63d000 WatcherThread [stack: 0x000000320f300000,0x000000320f400000] [id=5860]
  0x000002210e75d000 GCTaskThread "GC Thread#0" [stack: 0x000000320e500000,0x000000320e600000] [id=10720]
  0x000002212d8cc800 GCTaskThread "GC Thread#1" [stack: 0x000000320f500000,0x000000320f600000] [id=5732]
=>0x000002212e146800 GCTaskThread "GC Thread#2" [stack: 0x000000320f600000,0x000000320f700000] [id=11656]
  0x000002210e76d800 ConcurrentGCThread "G1 Main Marker" [stack: 0x000000320e600000,0x000000320e700000] [id=2740]
  0x000002210e770000 ConcurrentGCThread "G1 Conc#0" [stack: 0x000000320e700000,0x000000320e800000] [id=2732]
  0x000002212ca30800 ConcurrentGCThread "G1 Refine#0" [stack: 0x000000320e800000,0x000000320e900000] [id=13080]
  0x000002212ca31800 ConcurrentGCThread "G1 Young RemSet Sampling" [stack: 0x000000320e900000,0x000000320ea00000] [id=9064]

Threads with active compile tasks:
C2 CompilerThread0  2923       4       org.eclipse.sisu.inject.LocatedBeans$Itr::hasNext (161 bytes)

VM state:at safepoint (normal execution)

VM Mutex/Monitor currently owned by a thread:  ([mutex/lock_event])
[0x000002210e7186e0] Threads_lock - owner thread: 0x000002212cba6800
[0x000002210e717cc0] Heap_lock - owner thread: 0x000002210e71c000

Heap address: 0x0000000080800000, size: 2040 MB, Compressed Oops mode: 32-bit
Narrow klass base: 0x0000000800000000, Narrow klass shift: 3
Compressed class space size: 1073741824 Address: 0x00000008011a0000

Heap:
 garbage-first heap   total 131072K, used 56963K [0x0000000080800000, 0x0000000100000000)
  region size 1024K, 54 young (55296K), 3 survivors (3072K)
 Metaspace       used 13287K, capacity 15045K, committed 15104K, reserved 1062912K
  class space    used 1523K, capacity 1762K, committed 1792K, reserved 1048576K
Heap Regions: E=young(eden), S=young(survivor), O=old, HS=humongous(starts), HC=humongous(continues), CS=collection set, F=free, A=archive, TAMS=top-at-mark-start (previous, next)
|   0|0x0000000080800000, 0x0000000080900000, 0x0000000080900000|100%| O|  |TAMS 0x0000000080800000, 0x0000000080800000| Untracked 
|   1|0x0000000080900000, 0x0000000080a00000, 0x0000000080a00000|100%| O|  |TAMS 0x0000000080900000, 0x0000000080900000| Untracked 
|   2|0x0000000080a00000, 0x0000000080b00000, 0x0000000080b00000|100%| O|  |TAMS 0x0000000080a00000, 0x0000000080a00000| Untracked 
|   3|0x0000000080b00000, 0x0000000080c00000, 0x0000000080c00000|100%| O|  |TAMS 0x0000000080b00000, 0x0000000080b00000| Untracked 
|   4|0x0000000080c00000, 0x0000000080c00000, 0x0000000080d00000|  0%| F|  |TAMS 0x0000000080c00000, 0x0000000080c00000| Untracked 
|   5|0x0000000080d00000, 0x0000000080d00000, 0x0000000080e00000|  0%| F|  |TAMS 0x0000000080d00000, 0x0000000080d00000| Untracked 
|   6|0x0000000080e00000, 0x0000000080e00000, 0x0000000080f00000|  0%| F|  |TAMS 0x0000000080e00000, 0x0000000080e00000| Untracked 
|   7|0x0000000080f00000, 0x0000000080f00000, 0x0000000081000000|  0%| F|  |TAMS 0x0000000080f00000, 0x0000000080f00000| Untracked 
|   8|0x0000000081000000, 0x0000000081000000, 0x0000000081100000|  0%| F|  |TAMS 0x0000000081000000, 0x0000000081000000| Untracked 
|   9|0x0000000081100000, 0x0000000081100000, 0x0000000081200000|  0%| F|  |TAMS 0x0000000081100000, 0x0000000081100000| Untracked 
|  10|0x0000000081200000, 0x0000000081200000, 0x0000000081300000|  0%| F|  |TAMS 0x0000000081200000, 0x0000000081200000| Untracked 
|  11|0x0000000081300000, 0x0000000081300000, 0x0000000081400000|  0%| F|  |TAMS 0x0000000081300000, 0x0000000081300000| Untracked 
|  12|0x0000000081400000, 0x0000000081400000, 0x0000000081500000|  0%| F|  |TAMS 0x0000000081400000, 0x0000000081400000| Untracked 
|  13|0x0000000081500000, 0x0000000081500000, 0x0000000081600000|  0%| F|  |TAMS 0x0000000081500000, 0x0000000081500000| Untracked 
|  14|0x0000000081600000, 0x0000000081600000, 0x0000000081700000|  0%| F|  |TAMS 0x0000000081600000, 0x0000000081600000| Untracked 
|  15|0x0000000081700000, 0x0000000081700000, 0x0000000081800000|  0%| F|  |TAMS 0x0000000081700000, 0x0000000081700000| Untracked 
|  16|0x0000000081800000, 0x0000000081800000, 0x0000000081900000|  0%| F|  |TAMS 0x0000000081800000, 0x0000000081800000| Untracked 
|  17|0x0000000081900000, 0x0000000081900000, 0x0000000081a00000|  0%| F|  |TAMS 0x0000000081900000, 0x0000000081900000| Untracked 
|  18|0x0000000081a00000, 0x0000000081a00000, 0x0000000081b00000|  0%| F|  |TAMS 0x0000000081a00000, 0x0000000081a00000| Untracked 
|  19|0x0000000081b00000, 0x0000000081b00000, 0x0000000081c00000|  0%| F|  |TAMS 0x0000000081b00000, 0x0000000081b00000| Untracked 
|  20|0x0000000081c00000, 0x0000000081c00000, 0x0000000081d00000|  0%| F|  |TAMS 0x0000000081c00000, 0x0000000081c00000| Untracked 
|  21|0x0000000081d00000, 0x0000000081d00000, 0x0000000081e00000|  0%| F|  |TAMS 0x0000000081d00000, 0x0000000081d00000| Untracked 
|  22|0x0000000081e00000, 0x0000000081e00000, 0x0000000081f00000|  0%| F|  |TAMS 0x0000000081e00000, 0x0000000081e00000| Untracked 
|  23|0x0000000081f00000, 0x0000000081f00000, 0x0000000082000000|  0%| F|  |TAMS 0x0000000081f00000, 0x0000000081f00000| Untracked 
|  24|0x0000000082000000, 0x0000000082000000, 0x0000000082100000|  0%| F|  |TAMS 0x0000000082000000, 0x0000000082000000| Untracked 
|  25|0x0000000082100000, 0x0000000082100000, 0x0000000082200000|  0%| F|  |TAMS 0x0000000082100000, 0x0000000082100000| Untracked 
|  26|0x0000000082200000, 0x0000000082200000, 0x0000000082300000|  0%| F|  |TAMS 0x0000000082200000, 0x0000000082200000| Untracked 
|  27|0x0000000082300000, 0x0000000082300000, 0x0000000082400000|  0%| F|  |TAMS 0x0000000082300000, 0x0000000082300000| Untracked 
|  28|0x0000000082400000, 0x0000000082400000, 0x0000000082500000|  0%| F|  |TAMS 0x0000000082400000, 0x0000000082400000| Untracked 
|  29|0x0000000082500000, 0x0000000082500000, 0x0000000082600000|  0%| F|  |TAMS 0x0000000082500000, 0x0000000082500000| Untracked 
|  30|0x0000000082600000, 0x0000000082600000, 0x0000000082700000|  0%| F|  |TAMS 0x0000000082600000, 0x0000000082600000| Untracked 
|  31|0x0000000082700000, 0x0000000082700000, 0x0000000082800000|  0%| F|  |TAMS 0x0000000082700000, 0x0000000082700000| Untracked 
|  32|0x0000000082800000, 0x0000000082800000, 0x0000000082900000|  0%| F|  |TAMS 0x0000000082800000, 0x0000000082800000| Untracked 
|  33|0x0000000082900000, 0x0000000082900000, 0x0000000082a00000|  0%| F|  |TAMS 0x0000000082900000, 0x0000000082900000| Untracked 
|  34|0x0000000082a00000, 0x0000000082a00000, 0x0000000082b00000|  0%| F|  |TAMS 0x0000000082a00000, 0x0000000082a00000| Untracked 
|  35|0x0000000082b00000, 0x0000000082b00000, 0x0000000082c00000|  0%| F|  |TAMS 0x0000000082b00000, 0x0000000082b00000| Untracked 
|  36|0x0000000082c00000, 0x0000000082c00000, 0x0000000082d00000|  0%| F|  |TAMS 0x0000000082c00000, 0x0000000082c00000| Untracked 
|  37|0x0000000082d00000, 0x0000000082d00000, 0x0000000082e00000|  0%| F|  |TAMS 0x0000000082d00000, 0x0000000082d00000| Untracked 
|  38|0x0000000082e00000, 0x0000000082e00000, 0x0000000082f00000|  0%| F|  |TAMS 0x0000000082e00000, 0x0000000082e00000| Untracked 
|  39|0x0000000082f00000, 0x0000000082f00000, 0x0000000083000000|  0%| F|  |TAMS 0x0000000082f00000, 0x0000000082f00000| Untracked 
|  40|0x0000000083000000, 0x0000000083000000, 0x0000000083100000|  0%| F|  |TAMS 0x0000000083000000, 0x0000000083000000| Untracked 
|  41|0x0000000083100000, 0x0000000083100000, 0x0000000083200000|  0%| F|  |TAMS 0x0000000083100000, 0x0000000083100000| Untracked 
|  42|0x0000000083200000, 0x0000000083200000, 0x0000000083300000|  0%| F|  |TAMS 0x0000000083200000, 0x0000000083200000| Untracked 
|  43|0x0000000083300000, 0x0000000083300000, 0x0000000083400000|  0%| F|  |TAMS 0x0000000083300000, 0x0000000083300000| Untracked 
|  44|0x0000000083400000, 0x0000000083400000, 0x0000000083500000|  0%| F|  |TAMS 0x0000000083400000, 0x0000000083400000| Untracked 
|  45|0x0000000083500000, 0x0000000083500000, 0x0000000083600000|  0%| F|  |TAMS 0x0000000083500000, 0x0000000083500000| Untracked 
|  46|0x0000000083600000, 0x0000000083600000, 0x0000000083700000|  0%| F|  |TAMS 0x0000000083600000, 0x0000000083600000| Untracked 
|  47|0x0000000083700000, 0x0000000083700000, 0x0000000083800000|  0%| F|  |TAMS 0x0000000083700000, 0x0000000083700000| Untracked 
|  48|0x0000000083800000, 0x0000000083800000, 0x0000000083900000|  0%| F|  |TAMS 0x0000000083800000, 0x0000000083800000| Untracked 
|  49|0x0000000083900000, 0x0000000083900000, 0x0000000083a00000|  0%| F|  |TAMS 0x0000000083900000, 0x0000000083900000| Untracked 
|  50|0x0000000083a00000, 0x0000000083a00000, 0x0000000083b00000|  0%| F|  |TAMS 0x0000000083a00000, 0x0000000083a00000| Untracked 
|  51|0x0000000083b00000, 0x0000000083b00000, 0x0000000083c00000|  0%| F|  |TAMS 0x0000000083b00000, 0x0000000083b00000| Untracked 
|  52|0x0000000083c00000, 0x0000000083c00000, 0x0000000083d00000|  0%| F|  |TAMS 0x0000000083c00000, 0x0000000083c00000| Untracked 
|  53|0x0000000083d00000, 0x0000000083d00000, 0x0000000083e00000|  0%| F|  |TAMS 0x0000000083d00000, 0x0000000083d00000| Untracked 
|  54|0x0000000083e00000, 0x0000000083e00000, 0x0000000083f00000|  0%| F|  |TAMS 0x0000000083e00000, 0x0000000083e00000| Untracked 
|  55|0x0000000083f00000, 0x0000000083f00000, 0x0000000084000000|  0%| F|  |TAMS 0x0000000083f00000, 0x0000000083f00000| Untracked 
|  56|0x0000000084000000, 0x0000000084000000, 0x0000000084100000|  0%| F|  |TAMS 0x0000000084000000, 0x0000000084000000| Untracked 
|  57|0x0000000084100000, 0x0000000084100000, 0x0000000084200000|  0%| F|  |TAMS 0x0000000084100000, 0x0000000084100000| Untracked 
|  58|0x0000000084200000, 0x0000000084200000, 0x0000000084300000|  0%| F|  |TAMS 0x0000000084200000, 0x0000000084200000| Untracked 
|  59|0x0000000084300000, 0x0000000084300000, 0x0000000084400000|  0%| F|  |TAMS 0x0000000084300000, 0x0000000084300000| Untracked 
|  60|0x0000000084400000, 0x0000000084400000, 0x0000000084500000|  0%| F|  |TAMS 0x0000000084400000, 0x0000000084400000| Untracked 
|  61|0x0000000084500000, 0x0000000084500000, 0x0000000084600000|  0%| F|  |TAMS 0x0000000084500000, 0x0000000084500000| Untracked 
|  62|0x0000000084600000, 0x0000000084600000, 0x0000000084700000|  0%| F|  |TAMS 0x0000000084600000, 0x0000000084600000| Untracked 
|  63|0x0000000084700000, 0x0000000084700000, 0x0000000084800000|  0%| F|  |TAMS 0x0000000084700000, 0x0000000084700000| Untracked 
|  64|0x0000000084800000, 0x0000000084800000, 0x0000000084900000|  0%| F|  |TAMS 0x0000000084800000, 0x0000000084800000| Untracked 
|  65|0x0000000084900000, 0x0000000084900000, 0x0000000084a00000|  0%| F|  |TAMS 0x0000000084900000, 0x0000000084900000| Untracked 
|  66|0x0000000084a00000, 0x0000000084a00000, 0x0000000084b00000|  0%| F|  |TAMS 0x0000000084a00000, 0x0000000084a00000| Untracked 
|  67|0x0000000084b00000, 0x0000000084b00000, 0x0000000084c00000|  0%| F|  |TAMS 0x0000000084b00000, 0x0000000084b00000| Untracked 
|  68|0x0000000084c00000, 0x0000000084c00000, 0x0000000084d00000|  0%| F|  |TAMS 0x0000000084c00000, 0x0000000084c00000| Untracked 
|  69|0x0000000084d00000, 0x0000000084d00000, 0x0000000084e00000|  0%| F|  |TAMS 0x0000000084d00000, 0x0000000084d00000| Untracked 
|  70|0x0000000084e00000, 0x0000000084e00000, 0x0000000084f00000|  0%| F|  |TAMS 0x0000000084e00000, 0x0000000084e00000| Untracked 
|  71|0x0000000084f00000, 0x0000000084f00000, 0x0000000085000000|  0%| F|  |TAMS 0x0000000084f00000, 0x0000000084f00000| Untracked 
|  72|0x0000000085000000, 0x0000000085100000, 0x0000000085100000|100%| S|  |TAMS 0x0000000085000000, 0x0000000085000000| Complete 
|  73|0x0000000085100000, 0x0000000085200000, 0x0000000085200000|100%| S|  |TAMS 0x0000000085100000, 0x0000000085100000| Complete 
|  74|0x0000000085200000, 0x0000000085300000, 0x0000000085300000|100%| S|  |TAMS 0x0000000085200000, 0x0000000085200000| Complete 
|  75|0x0000000085300000, 0x0000000085400000, 0x0000000085400000|100%| E|CS|TAMS 0x0000000085300000, 0x0000000085300000| Complete 
|  76|0x0000000085400000, 0x0000000085500000, 0x0000000085500000|100%| E|CS|TAMS 0x0000000085400000, 0x0000000085400000| Complete 
|  77|0x0000000085500000, 0x0000000085600000, 0x0000000085600000|100%| E|CS|TAMS 0x0000000085500000, 0x0000000085500000| Complete 
|  78|0x0000000085600000, 0x0000000085700000, 0x0000000085700000|100%| E|CS|TAMS 0x0000000085600000, 0x0000000085600000| Complete 
|  79|0x0000000085700000, 0x0000000085800000, 0x0000000085800000|100%| E|CS|TAMS 0x0000000085700000, 0x0000000085700000| Complete 
|  80|0x0000000085800000, 0x0000000085900000, 0x0000000085900000|100%| E|CS|TAMS 0x0000000085800000, 0x0000000085800000| Complete 
|  81|0x0000000085900000, 0x0000000085a00000, 0x0000000085a00000|100%| E|CS|TAMS 0x0000000085900000, 0x0000000085900000| Complete 
|  82|0x0000000085a00000, 0x0000000085b00000, 0x0000000085b00000|100%| E|CS|TAMS 0x0000000085a00000, 0x0000000085a00000| Complete 
|  83|0x0000000085b00000, 0x0000000085c00000, 0x0000000085c00000|100%| E|CS|TAMS 0x0000000085b00000, 0x0000000085b00000| Complete 
|  84|0x0000000085c00000, 0x0000000085d00000, 0x0000000085d00000|100%| E|CS|TAMS 0x0000000085c00000, 0x0000000085c00000| Complete 
|  85|0x0000000085d00000, 0x0000000085e00000, 0x0000000085e00000|100%| E|CS|TAMS 0x0000000085d00000, 0x0000000085d00000| Complete 
|  86|0x0000000085e00000, 0x0000000085f00000, 0x0000000085f00000|100%| E|CS|TAMS 0x0000000085e00000, 0x0000000085e00000| Complete 
|  87|0x0000000085f00000, 0x0000000086000000, 0x0000000086000000|100%| E|CS|TAMS 0x0000000085f00000, 0x0000000085f00000| Complete 
|  88|0x0000000086000000, 0x0000000086100000, 0x0000000086100000|100%| E|CS|TAMS 0x0000000086000000, 0x0000000086000000| Complete 
|  89|0x0000000086100000, 0x0000000086200000, 0x0000000086200000|100%| E|CS|TAMS 0x0000000086100000, 0x0000000086100000| Complete 
|  90|0x0000000086200000, 0x0000000086300000, 0x0000000086300000|100%| E|CS|TAMS 0x0000000086200000, 0x0000000086200000| Complete 
|  91|0x0000000086300000, 0x0000000086400000, 0x0000000086400000|100%| E|CS|TAMS 0x0000000086300000, 0x0000000086300000| Complete 
|  92|0x0000000086400000, 0x0000000086500000, 0x0000000086500000|100%| E|CS|TAMS 0x0000000086400000, 0x0000000086400000| Complete 
|  93|0x0000000086500000, 0x0000000086600000, 0x0000000086600000|100%| E|CS|TAMS 0x0000000086500000, 0x0000000086500000| Complete 
|  94|0x0000000086600000, 0x0000000086700000, 0x0000000086700000|100%| E|CS|TAMS 0x0000000086600000, 0x0000000086600000| Complete 
|  95|0x0000000086700000, 0x0000000086800000, 0x0000000086800000|100%| E|CS|TAMS 0x0000000086700000, 0x0000000086700000| Complete 
|  96|0x0000000086800000, 0x00000000868b0720, 0x0000000086900000| 68%| E|CS|TAMS 0x0000000086800000, 0x0000000086800000| Complete 
|  97|0x0000000086900000, 0x0000000086a00000, 0x0000000086a00000|100%| E|CS|TAMS 0x0000000086900000, 0x0000000086900000| Complete 
|  98|0x0000000086a00000, 0x0000000086b00000, 0x0000000086b00000|100%| E|CS|TAMS 0x0000000086a00000, 0x0000000086a00000| Complete 
|  99|0x0000000086b00000, 0x0000000086c00000, 0x0000000086c00000|100%| E|CS|TAMS 0x0000000086b00000, 0x0000000086b00000| Complete 
| 100|0x0000000086c00000, 0x0000000086d00000, 0x0000000086d00000|100%| E|CS|TAMS 0x0000000086c00000, 0x0000000086c00000| Complete 
| 101|0x0000000086d00000, 0x0000000086e00000, 0x0000000086e00000|100%| E|CS|TAMS 0x0000000086d00000, 0x0000000086d00000| Complete 
| 102|0x0000000086e00000, 0x0000000086f00000, 0x0000000086f00000|100%| E|CS|TAMS 0x0000000086e00000, 0x0000000086e00000| Complete 
| 103|0x0000000086f00000, 0x0000000087000000, 0x0000000087000000|100%| E|CS|TAMS 0x0000000086f00000, 0x0000000086f00000| Complete 
| 104|0x0000000087000000, 0x0000000087100000, 0x0000000087100000|100%| E|CS|TAMS 0x0000000087000000, 0x0000000087000000| Complete 
| 105|0x0000000087100000, 0x0000000087200000, 0x0000000087200000|100%| E|CS|TAMS 0x0000000087100000, 0x0000000087100000| Complete 
| 106|0x0000000087200000, 0x0000000087300000, 0x0000000087300000|100%| E|CS|TAMS 0x0000000087200000, 0x0000000087200000| Complete 
| 107|0x0000000087300000, 0x0000000087400000, 0x0000000087400000|100%| E|CS|TAMS 0x0000000087300000, 0x0000000087300000| Complete 
| 108|0x0000000087400000, 0x0000000087500000, 0x0000000087500000|100%| E|CS|TAMS 0x0000000087400000, 0x0000000087400000| Complete 
| 109|0x0000000087500000, 0x0000000087600000, 0x0000000087600000|100%| E|CS|TAMS 0x0000000087500000, 0x0000000087500000| Complete 
| 110|0x0000000087600000, 0x0000000087700000, 0x0000000087700000|100%| E|CS|TAMS 0x0000000087600000, 0x0000000087600000| Complete 
| 111|0x0000000087700000, 0x0000000087800000, 0x0000000087800000|100%| E|CS|TAMS 0x0000000087700000, 0x0000000087700000| Complete 
| 112|0x0000000087800000, 0x0000000087900000, 0x0000000087900000|100%| E|CS|TAMS 0x0000000087800000, 0x0000000087800000| Complete 
| 113|0x0000000087900000, 0x0000000087a00000, 0x0000000087a00000|100%| E|CS|TAMS 0x0000000087900000, 0x0000000087900000| Complete 
| 114|0x0000000087a00000, 0x0000000087b00000, 0x0000000087b00000|100%| E|CS|TAMS 0x0000000087a00000, 0x0000000087a00000| Complete 
| 115|0x0000000087b00000, 0x0000000087c00000, 0x0000000087c00000|100%| E|CS|TAMS 0x0000000087b00000, 0x0000000087b00000| Complete 
| 116|0x0000000087c00000, 0x0000000087d00000, 0x0000000087d00000|100%| E|CS|TAMS 0x0000000087c00000, 0x0000000087c00000| Complete 
| 117|0x0000000087d00000, 0x0000000087e00000, 0x0000000087e00000|100%| E|CS|TAMS 0x0000000087d00000, 0x0000000087d00000| Complete 
| 118|0x0000000087e00000, 0x0000000087f00000, 0x0000000087f00000|100%| E|CS|TAMS 0x0000000087e00000, 0x0000000087e00000| Complete 
| 119|0x0000000087f00000, 0x0000000088000000, 0x0000000088000000|100%| E|CS|TAMS 0x0000000087f00000, 0x0000000087f00000| Complete 
| 120|0x0000000088000000, 0x0000000088100000, 0x0000000088100000|100%| E|CS|TAMS 0x0000000088000000, 0x0000000088000000| Complete 
| 121|0x0000000088100000, 0x0000000088200000, 0x0000000088200000|100%| E|CS|TAMS 0x0000000088100000, 0x0000000088100000| Complete 
| 122|0x0000000088200000, 0x0000000088300000, 0x0000000088300000|100%| E|CS|TAMS 0x0000000088200000, 0x0000000088200000| Complete 
| 123|0x0000000088300000, 0x0000000088400000, 0x0000000088400000|100%| E|CS|TAMS 0x0000000088300000, 0x0000000088300000| Complete 
| 124|0x0000000088400000, 0x0000000088500000, 0x0000000088500000|100%| E|CS|TAMS 0x0000000088400000, 0x0000000088400000| Complete 
| 125|0x0000000088500000, 0x0000000088600000, 0x0000000088600000|100%| E|CS|TAMS 0x0000000088500000, 0x0000000088500000| Complete 
| 126|0x0000000088600000, 0x0000000088700000, 0x0000000088700000|100%| E|CS|TAMS 0x0000000088600000, 0x0000000088600000| Complete 
| 127|0x0000000088700000, 0x0000000088800000, 0x0000000088800000|100%| E|CS|TAMS 0x0000000088700000, 0x0000000088700000| Complete 

Card table byte_map: [0x0000022125f30000,0x0000022126330000] _byte_map_base: 0x0000022125b2c000

Marking Bits (Prev, Next): (CMBitMap*) 0x000002210e75f1a8, (CMBitMap*) 0x000002210e75f1e8
 Prev Bits: [0x0000022126730000, 0x0000022128710000)
 Next Bits: [0x0000022128710000, 0x000002212a6f0000)

Polling page: 0x000002210c5f0000

Metaspace:

Usage:
  Non-class:     12.97 MB capacity,    11.49 MB ( 89%) used,     1.47 MB ( 11%) free+waste,    17.38 KB ( <1%) overhead. 
      Class:      1.72 MB capacity,     1.49 MB ( 86%) used,   231.10 KB ( 13%) free+waste,     7.69 KB ( <1%) overhead. 
       Both:     14.69 MB capacity,    12.98 MB ( 88%) used,     1.69 MB ( 12%) free+waste,    25.06 KB ( <1%) overhead. 

Virtual space:
  Non-class space:       14.00 MB reserved,      13.00 MB ( 93%) committed 
      Class space:        1.00 GB reserved,       1.75 MB ( <1%) committed 
             Both:        1.01 GB reserved,      14.75 MB (  1%) committed 

Chunk freelists:
   Non-Class:  3.63 KB
       Class:  3.75 KB
        Both:  7.38 KB

CodeHeap 'non-profiled nmethods': size=120064Kb used=1362Kb max_used=1362Kb free=118702Kb
 bounds [0x000002211e5f0000, 0x000002211e860000, 0x0000022125b30000]
CodeHeap 'profiled nmethods': size=120000Kb used=6367Kb max_used=6367Kb free=113632Kb
 bounds [0x00000221170c0000, 0x0000022117700000, 0x000002211e5f0000]
CodeHeap 'non-nmethods': size=5696Kb used=1143Kb max_used=1170Kb free=4552Kb
 bounds [0x0000022116b30000, 0x0000022116da0000, 0x00000221170c0000]
 total_blobs=4092 nmethods=2963 adapters=375
 compilation: enabled
              stopped_count=0, restarted_count=0
 full_count=0

Compilation events (10 events):
Event: 2.617 Thread 0x000002212cbde800 nmethod 2963 0x000002211e743110 code [0x000002211e7432c0, 0x000002211e743438]
Event: 2.617 Thread 0x000002212cbde800 2964       1       org.eclipse.aether.graph.DefaultDependencyNode::setVersion (6 bytes)
Event: 2.617 Thread 0x000002212cbde800 nmethod 2964 0x000002211e743490 code [0x000002211e743640, 0x000002211e7437b8]
Event: 2.617 Thread 0x000002212cbde800 2965       1       org.eclipse.aether.resolution.VersionRangeRequest::getRepositories (5 bytes)
Event: 2.617 Thread 0x000002212cbde800 nmethod 2965 0x000002211e743810 code [0x000002211e7439c0, 0x000002211e743af8]
Event: 2.617 Thread 0x000002212cbde800 2966       1       org.eclipse.aether.util.graph.manager.ClassicDependencyManager$Key::hashCode (5 bytes)
Event: 2.617 Thread 0x000002212cbde800 nmethod 2966 0x000002211e743b90 code [0x000002211e743d40, 0x000002211e743e78]
Event: 2.619 Thread 0x000002212e634000 nmethod 2955 0x000002211e743f10 code [0x000002211e7440c0, 0x000002211e744478]
Event: 2.619 Thread 0x000002212e634000 2960       4       java.util.HashMap::<init> (11 bytes)
Event: 2.619 Thread 0x000002212e634000 nmethod 2960 0x000002211e744590 code [0x000002211e744720, 0x000002211e744798]

GC Heap History (7 events):
Event: 0.509 GC heap before
{Heap before GC invocations=0 (full 0):
 garbage-first heap   total 131072K, used 14336K [0x0000000080800000, 0x0000000100000000)
  region size 1024K, 14 young (14336K), 0 survivors (0K)
 Metaspace       used 3711K, capacity 6890K, committed 7168K, reserved 1056768K
  class space    used 400K, capacity 725K, committed 768K, reserved 1048576K
}
Event: 0.513 GC heap after
{Heap after GC invocations=1 (full 0):
 garbage-first heap   total 131072K, used 2984K [0x0000000080800000, 0x0000000100000000)
  region size 1024K, 2 young (2048K), 2 survivors (2048K)
 Metaspace       used 3711K, capacity 6890K, committed 7168K, reserved 1056768K
  class space    used 400K, capacity 725K, committed 768K, reserved 1048576K
}
Event: 0.681 GC heap before
{Heap before GC invocations=1 (full 0):
 garbage-first heap   total 131072K, used 13224K [0x0000000080800000, 0x0000000100000000)
  region size 1024K, 12 young (12288K), 2 survivors (2048K)
 Metaspace       used 5083K, capacity 7766K, committed 7808K, reserved 1056768K
  class space    used 602K, capacity 889K, committed 896K, reserved 1048576K
}
Event: 0.683 GC heap after
{Heap after GC invocations=2 (full 0):
 garbage-first heap   total 131072K, used 3616K [0x0000000080800000, 0x0000000100000000)
  region size 1024K, 1 young (1024K), 1 survivors (1024K)
 Metaspace       used 5083K, capacity 7766K, committed 7808K, reserved 1056768K
  class space    used 602K, capacity 889K, committed 896K, reserved 1048576K
}
Event: 1.169 GC heap before
{Heap before GC invocations=2 (full 0):
 garbage-first heap   total 131072K, used 33312K [0x0000000080800000, 0x0000000100000000)
  region size 1024K, 30 young (30720K), 1 survivors (1024K)
 Metaspace       used 8956K, capacity 11323K, committed 11392K, reserved 1058816K
  class space    used 1085K, capacity 1385K, committed 1408K, reserved 1048576K
}
Event: 1.172 GC heap after
{Heap after GC invocations=3 (full 0):
 garbage-first heap   total 131072K, used 4739K [0x0000000080800000, 0x0000000100000000)
  region size 1024K, 2 young (2048K), 2 survivors (2048K)
 Metaspace       used 8956K, capacity 11323K, committed 11392K, reserved 1058816K
  class space    used 1085K, capacity 1385K, committed 1408K, reserved 1048576K
}
Event: 2.620 GC heap before
{Heap before GC invocations=3 (full 0):
 garbage-first heap   total 131072K, used 56963K [0x0000000080800000, 0x0000000100000000)
  region size 1024K, 53 young (54272K), 2 survivors (2048K)
 Metaspace       used 13287K, capacity 15045K, committed 15104K, reserved 1062912K
  class space    used 1523K, capacity 1762K, committed 1792K, reserved 1048576K
}

Deoptimization events (10 events):
Event: 1.580 Thread 0x000002210e71c000 Uncommon trap: reason=unstable_if action=reinterpret pc=0x000002211e685094 method=java.lang.String.substring(I)Ljava/lang/String; @ 34 c2
Event: 2.063 Thread 0x000002210e71c000 Uncommon trap: reason=unstable_if action=reinterpret pc=0x000002211e60ba78 method=java.lang.StringCoding.hasNegatives([BII)Z @ 12 c2
Event: 2.063 Thread 0x000002210e71c000 Uncommon trap: reason=unstable_if action=reinterpret pc=0x000002211e644b0c method=sun.nio.cs.UTF_8$Decoder.decodeArrayLoop(Ljava/nio/ByteBuffer;Ljava/nio/CharBuffer;)Ljava/nio/charset/CoderResult; @ 84 c2
Event: 2.088 Thread 0x000002210e71c000 Uncommon trap: reason=unstable_if action=reinterpret pc=0x000002211e6c03cc method=org.codehaus.plexus.util.xml.pull.MXParser.nextImpl()I @ 1161 c2
Event: 2.194 Thread 0x000002210e71c000 Uncommon trap: reason=unstable_if action=reinterpret pc=0x000002211e6d1a70 method=org.codehaus.plexus.util.xml.pull.MXParser.nextImpl()I @ 972 c2
Event: 2.220 Thread 0x000002210e71c000 Uncommon trap: reason=unstable_if action=reinterpret pc=0x000002211e6e15fc method=java.lang.String.indexOf([BBILjava/lang/String;I)I @ 54 c2
Event: 2.243 Thread 0x000002210e71c000 Uncommon trap: reason=unstable_if action=reinterpret pc=0x000002211e652ff4 method=java.util.HashMap.hash(Ljava/lang/Object;)I @ 1 c2
Event: 2.246 Thread 0x000002210e71c000 Uncommon trap: reason=unstable_if action=reinterpret pc=0x000002211e672e5c method=java.util.HashMap.hash(Ljava/lang/Object;)I @ 1 c2
Event: 2.246 Thread 0x000002210e71c000 Uncommon trap: reason=unstable_if action=reinterpret pc=0x000002211e69789c method=java.util.HashMap.getNode(ILjava/lang/Object;)Ljava/util/HashMap$Node; @ 53 c2
Event: 2.330 Thread 0x000002210e71c000 Uncommon trap: reason=predicate action=maybe_recompile pc=0x000002211e6f3168 method=java.util.AbstractCollection.toArray([Ljava/lang/Object;)[Ljava/lang/Object; @ 43 c2

Classes redefined (0 events):
No events

Internal exceptions (6 events):
Event: 0.182 Thread 0x000002210e71c000 Exception <a 'java/lang/NoSuchMethodError'{0x000000008840f378}: java.lang.invoke.DirectMethodHandle$Holder.invokeSpecialIFC(Ljava/lang/Object;Ljava/lang/Object;I)I> (0x000000008840f378) thrown at [t:/workspace/open/src/hotspot/share/interpreter/linkResolv
Event: 1.346 Thread 0x000002210e71c000 Exception <a 'java/lang/NoClassDefFoundError'{0x00000000880bacc0}: com/google/inject/servlet/ServletModuleTargetVisitor> (0x00000000880bacc0) thrown at [t:/workspace/open/src/hotspot/share/classfile/systemDictionary.cpp, line 224]
Event: 1.347 Thread 0x000002210e71c000 Exception <a 'java/lang/NoClassDefFoundError'{0x00000000880bdc88}: javax/annotation/Priority> (0x00000000880bdc88) thrown at [t:/workspace/open/src/hotspot/share/classfile/systemDictionary.cpp, line 224]
Event: 1.419 Thread 0x000002210e71c000 Exception <a 'java/lang/NoSuchMethodError'{0x0000000087d2e190}: java.lang.invoke.DirectMethodHandle$Holder.invokeStaticInit(Ljava/lang/Object;IIII)Ljava/lang/Object;> (0x0000000087d2e190) thrown at [t:/workspace/open/src/hotspot/share/interpreter/linkReso
Event: 2.243 Thread 0x000002210e71c000 Implicit null exception at 0x000002211e652e05 to 0x000002211e652fe2
Event: 2.246 Thread 0x000002210e71c000 Implicit null exception at 0x000002211e672dcf to 0x000002211e672e4d

Events (10 events):
Event: 2.330 Thread 0x000002210e71c000 DEOPT UNPACKING pc=0x0000022116b59b2f sp=0x000000320e4fc1c8 mode 2
Event: 2.395 loading class org/eclipse/aether/graph/Dependency$Exclusions$1
Event: 2.395 loading class org/eclipse/aether/graph/Dependency$Exclusions$1 done
Event: 2.396 loading class org/eclipse/aether/util/graph/selector/ExclusionDependencySelector$ExclusionComparator
Event: 2.396 loading class org/eclipse/aether/util/graph/selector/ExclusionDependencySelector$ExclusionComparator done
Event: 2.419 Thread 0x000002210e71c000 DEOPT PACKING pc=0x00000221175aac5e sp=0x000000320e4fcf10
Event: 2.419 Thread 0x000002210e71c000 DEOPT UNPACKING pc=0x0000022116b5994e sp=0x000000320e4fc468 mode 0
Event: 2.588 loading class java/util/stream/IntStream
Event: 2.589 loading class java/util/stream/IntStream done
Event: 2.620 Executing VM operation: G1CollectForAllocation


Dynamic libraries:
0x00007ff640700000 - 0x00007ff64070f000 	C:\Program Files\Java\jdk-12.0.1\bin\java.exe
0x00007fff4ef10000 - 0x00007fff4f105000 	C:\WINDOWS\SYSTEM32\ntdll.dll
0x00007fff2cf50000 - 0x00007fff2cf63000 	C:\Program Files\AVAST Software\Avast\aswhook.dll
0x00007fff4d830000 - 0x00007fff4d8ed000 	C:\WINDOWS\System32\KERNEL32.DLL
0x00007fff4cca0000 - 0x00007fff4cf68000 	C:\WINDOWS\System32\KERNELBASE.dll
0x00007fff4ca20000 - 0x00007fff4cb20000 	C:\WINDOWS\System32\ucrtbase.dll
0x00007fff03760000 - 0x00007fff03776000 	C:\Program Files\Java\jdk-12.0.1\bin\VCRUNTIME140.dll
0x00007fff48380000 - 0x00007fff48398000 	C:\Program Files\Java\jdk-12.0.1\bin\jli.dll
0x00007fff4d020000 - 0x00007fff4d0cc000 	C:\WINDOWS\System32\ADVAPI32.dll
0x00007fff4dac0000 - 0x00007fff4db5e000 	C:\WINDOWS\System32\msvcrt.dll
0x00007fff4cf70000 - 0x00007fff4d00b000 	C:\WINDOWS\System32\sechost.dll
0x00007fff4deb0000 - 0x00007fff4dfdb000 	C:\WINDOWS\System32\RPCRT4.dll
0x00007fff4dce0000 - 0x00007fff4de80000 	C:\WINDOWS\System32\USER32.dll
0x00007fff4cb20000 - 0x00007fff4cb42000 	C:\WINDOWS\System32\win32u.dll
0x00007fff4de80000 - 0x00007fff4deaa000 	C:\WINDOWS\System32\GDI32.dll
0x00007fff32b60000 - 0x00007fff32dfa000 	C:\WINDOWS\WinSxS\amd64_microsoft.windows.common-controls_6595b64144ccf1df_6.0.19041.844_none_ca00b6081b84eb1d\COMCTL32.dll
0x00007fff4c650000 - 0x00007fff4c75b000 	C:\WINDOWS\System32\gdi32full.dll
0x00007fff4cba0000 - 0x00007fff4cc3d000 	C:\WINDOWS\System32\msvcp_win.dll
0x00007fff46700000 - 0x00007fff4670a000 	C:\WINDOWS\SYSTEM32\VERSION.dll
0x00007fff4d8f0000 - 0x00007fff4d920000 	C:\WINDOWS\System32\IMM32.DLL
0x00007fff02640000 - 0x00007fff026ea000 	C:\Program Files\Java\jdk-12.0.1\bin\msvcp140.dll
0x00007fff02a40000 - 0x00007fff035b4000 	C:\Program Files\Java\jdk-12.0.1\bin\server\jvm.dll
0x00007fff4d980000 - 0x00007fff4d988000 	C:\WINDOWS\System32\PSAPI.DLL
0x00007fff3ec40000 - 0x00007fff3ec49000 	C:\WINDOWS\SYSTEM32\WSOCK32.dll
0x00007fff3efe0000 - 0x00007fff3f007000 	C:\WINDOWS\SYSTEM32\WINMM.dll
0x00007fff4d990000 - 0x00007fff4d9fb000 	C:\WINDOWS\System32\WS2_32.dll
0x00007fff4a5c0000 - 0x00007fff4a5d2000 	C:\WINDOWS\SYSTEM32\kernel.appcore.dll
0x00007fff029e0000 - 0x00007fff029f1000 	C:\Program Files\Java\jdk-12.0.1\bin\verify.dll
0x00007fff438f0000 - 0x00007fff43ad4000 	C:\WINDOWS\SYSTEM32\DBGHELP.DLL
0x00007fff43b40000 - 0x00007fff43b6c000 	C:\WINDOWS\SYSTEM32\dbgcore.DLL
0x00007fff4c790000 - 0x00007fff4c810000 	C:\WINDOWS\System32\bcryptPrimitives.dll
0x00007fff03730000 - 0x00007fff03756000 	C:\Program Files\Java\jdk-12.0.1\bin\java.dll
0x00007fff029c0000 - 0x00007fff029d7000 	C:\Program Files\Java\jdk-12.0.1\bin\zip.dll
0x00007fff22900000 - 0x00007fff2290a000 	C:\Program Files\Java\jdk-12.0.1\bin\jimage.dll
0x00007fff4e420000 - 0x00007fff4eb62000 	C:\WINDOWS\System32\SHELL32.dll
0x00007fff4a7c0000 - 0x00007fff4af50000 	C:\WINDOWS\SYSTEM32\windows.storage.dll
0x00007fff4eb70000 - 0x00007fff4eec5000 	C:\WINDOWS\System32\combase.dll
0x00007fff4bff0000 - 0x00007fff4c01c000 	C:\WINDOWS\SYSTEM32\Wldp.dll
0x00007fff4d300000 - 0x00007fff4d3ae000 	C:\WINDOWS\System32\SHCORE.dll
0x00007fff4d920000 - 0x00007fff4d975000 	C:\WINDOWS\System32\shlwapi.dll
0x00007fff4c590000 - 0x00007fff4c5af000 	C:\WINDOWS\SYSTEM32\profapi.dll
0x00007fff029a0000 - 0x00007fff029b9000 	C:\Program Files\Java\jdk-12.0.1\bin\net.dll
0x00007fff43f20000 - 0x00007fff4402b000 	C:\WINDOWS\SYSTEM32\WINHTTP.dll
0x00007fff3baa0000 - 0x00007fff3bc8e000 	C:\WINDOWS\SYSTEM32\urlmon.dll
0x00007fff3ca50000 - 0x00007fff3cd00000 	C:\WINDOWS\SYSTEM32\iertutil.dll
0x00007fff4bd60000 - 0x00007fff4bdca000 	C:\WINDOWS\system32\mswsock.dll
0x00007fff02980000 - 0x00007fff02993000 	C:\Program Files\Java\jdk-12.0.1\bin\nio.dll
0x00007fff48370000 - 0x00007fff4837a000 	C:\Program Files\NetBeans-12.3\netbeans\java\maven\lib\jansi-native\windows64\jansi.dll

dbghelp: loaded successfully - version: 4.0.5 - missing functions: none
symbol engine: initialized successfully - sym options: 0x614 - pdb path: .;C:\Program Files\Java\jdk-12.0.1\bin;C:\WINDOWS\SYSTEM32;C:\Program Files\AVAST Software\Avast;C:\WINDOWS\WinSxS\amd64_microsoft.windows.common-controls_6595b64144ccf1df_6.0.19041.844_none_ca00b6081b84eb1d;C:\Program Files\Java\jdk-12.0.1\bin\server;C:\Program Files\NetBeans-12.3\netbeans\java\maven\lib\jansi-native\windows64

VM Arguments:
jvm_args: -Dclassworlds.conf=C:\Program Files\NetBeans-12.3\netbeans\java\maven\bin\..\bin\m2.conf -Dmaven.home=C:\Program Files\NetBeans-12.3\netbeans\java\maven\bin\.. -Dlibrary.jansi.path=C:\Program Files\NetBeans-12.3\netbeans\java\maven\bin\..\lib\jansi-native -Dmaven.multiModuleProjectDirectory=G:\INFORMATYKA\MAGISTERSKIE\SEMESTR_2\PROGRAMOWANIE\ZALICZENIE\GuitarShop 
java_command: org.codehaus.plexus.classworlds.launcher.Launcher -Dnetbeans.deploy=true -Dmaven.ext.class.path=C:\Program Files\NetBeans-12.3\netbeans\java\maven-nblib\netbeans-eventspy.jar -Dfile.encoding=UTF-8 package
java_class_path (initial): C:\Program Files\NetBeans-12.3\netbeans\java\maven\bin\..\boot\plexus-classworlds-2.6.0.jar
Launcher Type: SUN_STANDARD

[Global flags]
     intx CICompilerCount                          = 3                                         {product} {ergonomic}
     uint ConcGCThreads                            = 1                                         {product} {ergonomic}
     uint G1ConcRefinementThreads                  = 4                                         {product} {ergonomic}
   size_t G1HeapRegionSize                         = 1048576                                   {product} {ergonomic}
    uintx GCDrainStackTargetSize                   = 64                                        {product} {ergonomic}
   size_t InitialHeapSize                          = 134217728                                 {product} {ergonomic}
   size_t MarkStackSize                            = 4194304                                   {product} {ergonomic}
   size_t MaxHeapSize                              = 2139095040                                {product} {ergonomic}
   size_t MaxNewSize                               = 1283457024                                {product} {ergonomic}
   size_t MinHeapDeltaBytes                        = 1048576                                   {product} {ergonomic}
    uintx NonNMethodCodeHeapSize                   = 5830732                                {pd product} {ergonomic}
    uintx NonProfiledCodeHeapSize                  = 122913754                              {pd product} {ergonomic}
    uintx ProfiledCodeHeapSize                     = 122913754                              {pd product} {ergonomic}
    uintx ReservedCodeCacheSize                    = 251658240                              {pd product} {ergonomic}
     bool SegmentedCodeCache                       = true                                      {product} {ergonomic}
     bool UseCompressedClassPointers               = true                                 {lp64_product} {ergonomic}
     bool UseCompressedOops                        = true                                 {lp64_product} {ergonomic}
     bool UseG1GC                                  = true                                      {product} {ergonomic}
     bool UseLargePagesIndividualAllocation        = false                                  {pd product} {ergonomic}

Logging:
Log output configuration:
 #0: stdout all=warning uptime,level,tags
 #1: stderr all=off uptime,level,tags

Environment Variables:
JAVA_HOME=C:\Program Files\Java\jdk-12.0.1
PATH=C:\Program Files (x86)\NVIDIA Corporation\PhysX\Common;C:\WINDOWS\system32;C:\WINDOWS;C:\WINDOWS\System32\Wbem;C:\WINDOWS\System32\WindowsPowerShell\v1.0\;C:\WINDOWS\System32\OpenSSH\;C:\Program Files\dotnet\;C:\Program Files (x86)\IncrediBuild;C:\Program Files\jdk1.8.0_31\bin;F:\NODE_JS\;C:\Program Files\Microsoft SQL Server\130\Tools\Binn\;C:\Program Files\Git\cmd;C:\Program Files\Graphviz 2.44.1\bin;C:\Program Files\PuTTY\;C:\Java\jdk-12\bin;C:\Users\Marcin\AppData\Local\Microsoft\WindowsApps;;C:\Users\Marcin\AppData\Local\Programs\Microsoft VS Code\bin;C:\Users\Marcin\AppData\Roaming\npm;C:\Users\Marcin\.dotnet\tools
USERNAME=Marcin
OS=Windows_NT
PROCESSOR_IDENTIFIER=Intel64 Family 6 Model 58 Stepping 9, GenuineIntel



---------------  S Y S T E M  ---------------

OS: Windows 10 , 64 bit Build 19041 (10.0.19041.928)

CPU:total 4 (initial active 4) (4 cores per cpu, 1 threads per core) family 6 model 58 stepping 9, cmov, cx8, fxsr, mmx, sse, sse2, sse3, ssse3, sse4.1, sse4.2, popcnt, avx, aes, clmul, erms, tsc, tscinvbit, tscinv

Memory: 4k page, system-wide physical 8155M (3840M free)
TotalPageFile size 14043M (AvailPageFile size 8385M)
current process WorkingSet (physical memory assigned to process): 136M, peak: 139M
current process commit charge ("private bytes"): 236M, peak: 239M

vm_info: Java HotSpot(TM) 64-Bit Server VM (12.0.1+12) for windows-amd64 JRE (12.0.1+12), built on Apr  2 2019 14:02:19 by "mach5one" with MS VC++ 15.5 (VS2017)

END.
